#
# A fatal error has been detected by the Java Runtime Environment:
#
#  SIGSEGV (0xb) at pc=0x00007f513020acd5 (sent by kill), pid=8245, tid=8245
#
# JRE version: OpenJDK Runtime Environment Corretto-11.0.9.12.1 (11.0.9.1+12) (build 11.0.9.1+12-LTS)
# Java VM: OpenJDK 64-Bit Server VM Corretto-11.0.9.12.1 (11.0.9.1+12-LTS, mixed mode, tiered, compressed oops, g1 gc, linux-amd64)
# Problematic frame:
# C  [libpthread.so.0+0xacd5]  __pthread_clockjoin_ex+0x255
#
# Core dump will be written. Default location: Core dumps may be processed with "/usr/share/apport/apport %p %s %c %d %P %E" (or dumping to /home/mo/Downloads/demo/core.8245)
#
# If you would like to submit a bug report, please visit:
#   https://bugreport.java.com/bugreport/crash.jsp
#

---------------  S U M M A R Y ------------

Command Line: target/demo-0.0.1-SNAPSHOT.jar

Host: Intel(R) Core(TM) i5-3210M CPU @ 2.50GHz, 4 cores, 9G, Ubuntu 20.04.2 LTS
Time: Wed Dec  1 19:17:27 2021 JST elapsed time: 108.304441 seconds (0d 0h 1m 48s)

---------------  T H R E A D  ---------------

Current thread is native thread

Stack: [0x00007ffe3c4bf000,0x00007ffe3ccbe000],  sp=0x00007ffe3ccb8ec0,  free space=8167k
Native frames: (J=compiled Java code, A=aot compiled Java code, j=interpreted, Vv=VM code, C=native code)
C  [libpthread.so.0+0xacd5]  __pthread_clockjoin_ex+0x255


siginfo: si_signo: 11 (SIGSEGV), si_code: 0 (SI_USER), si_pid: 7175, si_uid: 1000

Register to memory mapping:

RAX=
[error occurred during error reporting (printing register info), id 0xb, SIGSEGV (0xb) at pc=0x00007f512f707c17]

Registers:
RAX=0x00000000000000ca, RBX=0x00000000000000ca, RCX=0x00007f513020acd7, RDX=0x0000000000002036
RSP=0x00007ffe3ccb8ec0, RBP=0x00007ffe3ccb8f68, RSI=0x0000000000000000, RDI=0x00007f512e6f49d0
R8 =0x0000000000000000, R9 =0x00007f512e6f4700, R10=0x0000000000000000, R11=0x0000000000000246
R12=0x0000000000002036, R13=0x00007f512e6f49d0, R14=0x0000556691b26330, R15=0x00007f512e6f4700
RIP=0x00007f513020acd5, EFLAGS=0x0000000000000246, CSGSFS=0x002b000000000033, ERR=0x0000000000000000
  TRAPNO=0x0000000000000000

Top of Stack: (sp=0x00007ffe3ccb8ec0)
0x00007ffe3ccb8ec0:   00007ffe3ccb9000 00007ffe3ccb8ef0
0x00007ffe3ccb8ed0:   0000000000000000 0100000000000000
0x00007ffe3ccb8ee0:   0000000000000000 0000000000000000
0x00007ffe3ccb8ef0:   00007f513020aa60 00007f512e6f4d28 

Instructions: (pc=0x00007f513020acd5)
0x00007f513020abd5:   10 48 89 c5 eb 51 0f 1f 44 00 00 48 89 4c 24 28
0x00007f513020abe5:   48 85 c0 0f 88 4e 01 00 00 e8 ed 93 00 00 4d 89
0x00007f513020abf5:   f2 44 89 fa 31 f6 41 89 c0 4c 89 ef b8 ca 00 00
0x00007f513020ac05:   00 0f 05 48 3d 00 f0 ff ff 0f 87 0c 01 00 00 44
0x00007f513020ac15:   89 c7 e8 24 94 00 00 48 8b 04 24 44 8b b8 d0 02
0x00007f513020ac25:   00 00 45 85 ff 74 6c 48 89 ee 44 89 e7 e8 49 cc
0x00007f513020ac35:   ff ff 85 c0 0f 85 b1 00 00 00 48 8b 03 48 2b 44
0x00007f513020ac45:   24 20 48 89 44 24 20 48 8b 4b 08 48 2b 4c 24 28
0x00007f513020ac55:   79 89 48 81 c1 00 ca 9a 3b 48 83 e8 01 48 89 4c
0x00007f513020ac65:   24 28 48 89 44 24 20 e9 74 ff ff ff 0f 1f 80 00
0x00007f513020ac75:   00 00 00 41 bd 03 00 00 00 e9 a7 fe ff ff 0f 1f
0x00007f513020ac85:   44 00 00 41 bd 16 00 00 00 e9 97 fe ff ff 0f 1f
0x00007f513020ac95:   44 00 00 48 8b 6c 24 10 49 89 c7 48 8b 7c 24 08
0x00007f513020aca5:   31 f6 e8 74 8f 00 00 e9 52 fe ff ff 0f 1f 80 00
0x00007f513020acb5:   00 00 00 bb ca 00 00 00 eb 20 90 e8 1b 93 00 00
0x00007f513020acc5:   45 31 d2 44 89 e2 31 f6 41 89 c0 4c 89 ef 89 d8
0x00007f513020acd5:   0f 05 44 89 c7 e8 61 93 00 00 45 8b 65 00 45 85
0x00007f513020ace5:   e4 75 d8 eb b6 66 0f 1f 44 00 00 4c 8b 3c 24 41
0x00007f513020acf5:   bd 16 00 00 00 48 8b 7c 24 08 31 f6 e8 1a 8f 00
0x00007f513020ad05:   00 49 8b 9f 30 06 00 00 49 c7 87 28 06 00 00 00
0x00007f513020ad15:   00 00 00 e9 0c fe ff ff 0f 1f 00 44 89 c7 48 89
0x00007f513020ad25:   44 24 18 e8 13 93 00 00 48 8b 44 24 18 48 83 f8
0x00007f513020ad35:   92 0f 85 e0 fe ff ff 4c 8b 3c 24 41 bd 6e 00 00
0x00007f513020ad45:   00 eb b2 48 8b 7c 24 08 31 f6 41 bd 16 00 00 00
0x00007f513020ad55:   e8 c6 8e 00 00 49 8b 9f 30 06 00 00 eb aa e8 68
0x00007f513020ad65:   c9 ff ff 0f 1f 84 00 00 00 00 00 f3 0f 1e fa e9
0x00007f513020ad75:   17 ca ff ff 0f 1f 80 00 00 00 00 f3 0f 1e fa 8b
0x00007f513020ad85:   05 d2 76 01 00 c3 0f 1f 44 00 00 f3 0f 1e fa 85
0x00007f513020ad95:   ff 78 10 89 3d be 76 01 00 31 c0 c3 0f 1f 80 00
0x00007f513020ada5:   00 00 00 b8 16 00 00 00 c3 66 90 f3 0f 1e fa 48
0x00007f513020adb5:   85 ff 0f 84 0b 01 00 00 41 55 41 54 55 53 48 89
0x00007f513020adc5:   fb 48 83 ec 08 8b 87 d0 02 00 00 85 c0 0f 8e 00 


Stack slot to memory mapping:
stack at sp + 0 slots: 
[error occurred during error reporting (inspecting top of stack), id 0xb, SIGSEGV (0xb) at pc=0x00007f512f707c17]


---------------  P R O C E S S  ---------------

VM state:not at safepoint (normal execution)

VM Mutex/Monitor currently owned by a thread: None

Heap address: 0x0000000765c00000, size: 2468 MB, Compressed Oops mode: Zero based, Oop shift amount: 3
Narrow klass base: 0x0000000800000000, Narrow klass shift: 0
Compressed class space size: 1073741824 Address: 0x0000000800000000

Heap:
 garbage-first heap   total 159744K, used 16792K [0x0000000765c00000, 0x0000000800000000)
  region size 1024K, 16 young (16384K), 9 survivors (9216K)
 Metaspace       used 35686K, capacity 36726K, committed 36784K, reserved 1081344K
  class space    used 4114K, capacity 4552K, committed 4608K, reserved 1048576K
Heap Regions: E=young(eden), S=young(survivor), O=old, HS=humongous(starts), HC=humongous(continues), CS=collection set, F=free, A=archive, TAMS=top-at-mark-start (previous, next)
|   0|0x0000000765c00000, 0x0000000765d00000, 0x0000000765d00000|100%| O|  |TAMS 0x0000000765d00000, 0x0000000765c00000| Untracked 
|   1|0x0000000765d00000, 0x0000000765e00000, 0x0000000765e00000|100%| O|  |TAMS 0x0000000765e00000, 0x0000000765d00000| Untracked 
|   2|0x0000000765e00000, 0x0000000765e1dc00, 0x0000000765f00000| 11%| O|  |TAMS 0x0000000765e1dc00, 0x0000000765e00000| Untracked 
|   3|0x0000000765f00000, 0x0000000765f00000, 0x0000000766000000|  0%| F|  |TAMS 0x0000000765f00000, 0x0000000765f00000| Untracked 
|   4|0x0000000766000000, 0x0000000766000000, 0x0000000766100000|  0%| F|  |TAMS 0x0000000766000000, 0x0000000766000000| Untracked 
|   5|0x0000000766100000, 0x0000000766100000, 0x0000000766200000|  0%| F|  |TAMS 0x0000000766100000, 0x0000000766100000| Untracked 
|   6|0x0000000766200000, 0x0000000766200000, 0x0000000766300000|  0%| F|  |TAMS 0x0000000766200000, 0x0000000766200000| Untracked 
|   7|0x0000000766300000, 0x0000000766300000, 0x0000000766400000|  0%| F|  |TAMS 0x0000000766300000, 0x0000000766300000| Untracked 
|   8|0x0000000766400000, 0x0000000766400000, 0x0000000766500000|  0%| F|  |TAMS 0x0000000766400000, 0x0000000766400000| Untracked 
|   9|0x0000000766500000, 0x0000000766500000, 0x0000000766600000|  0%| F|  |TAMS 0x0000000766500000, 0x0000000766500000| Untracked 
|  10|0x0000000766600000, 0x0000000766600000, 0x0000000766700000|  0%| F|  |TAMS 0x0000000766600000, 0x0000000766600000| Untracked 
|  11|0x0000000766700000, 0x0000000766700000, 0x0000000766800000|  0%| F|  |TAMS 0x0000000766700000, 0x0000000766700000| Untracked 
|  12|0x0000000766800000, 0x0000000766800000, 0x0000000766900000|  0%| F|  |TAMS 0x0000000766800000, 0x0000000766800000| Untracked 
|  13|0x0000000766900000, 0x0000000766900000, 0x0000000766a00000|  0%| F|  |TAMS 0x0000000766900000, 0x0000000766900000| Untracked 
|  14|0x0000000766a00000, 0x0000000766a00000, 0x0000000766b00000|  0%| F|  |TAMS 0x0000000766a00000, 0x0000000766a00000| Untracked 
|  15|0x0000000766b00000, 0x0000000766b00000, 0x0000000766c00000|  0%| F|  |TAMS 0x0000000766b00000, 0x0000000766b00000| Untracked 
|  16|0x0000000766c00000, 0x0000000766c00000, 0x0000000766d00000|  0%| F|  |TAMS 0x0000000766c00000, 0x0000000766c00000| Untracked 
|  17|0x0000000766d00000, 0x0000000766d00000, 0x0000000766e00000|  0%| F|  |TAMS 0x0000000766d00000, 0x0000000766d00000| Untracked 
|  18|0x0000000766e00000, 0x0000000766e00000, 0x0000000766f00000|  0%| F|  |TAMS 0x0000000766e00000, 0x0000000766e00000| Untracked 
|  19|0x0000000766f00000, 0x0000000766f00000, 0x0000000767000000|  0%| F|  |TAMS 0x0000000766f00000, 0x0000000766f00000| Untracked 
|  20|0x0000000767000000, 0x0000000767000000, 0x0000000767100000|  0%| F|  |TAMS 0x0000000767000000, 0x0000000767000000| Untracked 
|  21|0x0000000767100000, 0x0000000767100000, 0x0000000767200000|  0%| F|  |TAMS 0x0000000767100000, 0x0000000767100000| Untracked 
|  22|0x0000000767200000, 0x0000000767200000, 0x0000000767300000|  0%| F|  |TAMS 0x0000000767200000, 0x0000000767200000| Untracked 
|  23|0x0000000767300000, 0x0000000767300000, 0x0000000767400000|  0%| F|  |TAMS 0x0000000767300000, 0x0000000767300000| Untracked 
|  24|0x0000000767400000, 0x0000000767400000, 0x0000000767500000|  0%| F|  |TAMS 0x0000000767400000, 0x0000000767400000| Untracked 
|  25|0x0000000767500000, 0x0000000767500000, 0x0000000767600000|  0%| F|  |TAMS 0x0000000767500000, 0x0000000767500000| Untracked 
|  26|0x0000000767600000, 0x0000000767600000, 0x0000000767700000|  0%| F|  |TAMS 0x0000000767600000, 0x0000000767600000| Untracked 
|  27|0x0000000767700000, 0x0000000767700000, 0x0000000767800000|  0%| F|  |TAMS 0x0000000767700000, 0x0000000767700000| Untracked 
|  28|0x0000000767800000, 0x0000000767800000, 0x0000000767900000|  0%| F|  |TAMS 0x0000000767800000, 0x0000000767800000| Untracked 
|  29|0x0000000767900000, 0x0000000767900000, 0x0000000767a00000|  0%| F|  |TAMS 0x0000000767900000, 0x0000000767900000| Untracked 
|  30|0x0000000767a00000, 0x0000000767a00000, 0x0000000767b00000|  0%| F|  |TAMS 0x0000000767a00000, 0x0000000767a00000| Untracked 
|  31|0x0000000767b00000, 0x0000000767b00000, 0x0000000767c00000|  0%| F|  |TAMS 0x0000000767b00000, 0x0000000767b00000| Untracked 
|  32|0x0000000767c00000, 0x0000000767c00000, 0x0000000767d00000|  0%| F|  |TAMS 0x0000000767c00000, 0x0000000767c00000| Untracked 
|  33|0x0000000767d00000, 0x0000000767d00000, 0x0000000767e00000|  0%| F|  |TAMS 0x0000000767d00000, 0x0000000767d00000| Untracked 
|  34|0x0000000767e00000, 0x0000000767e00000, 0x0000000767f00000|  0%| F|  |TAMS 0x0000000767e00000, 0x0000000767e00000| Untracked 
|  35|0x0000000767f00000, 0x0000000767f00000, 0x0000000768000000|  0%| F|  |TAMS 0x0000000767f00000, 0x0000000767f00000| Untracked 
|  36|0x0000000768000000, 0x0000000768000000, 0x0000000768100000|  0%| F|  |TAMS 0x0000000768000000, 0x0000000768000000| Untracked 
|  37|0x0000000768100000, 0x0000000768100000, 0x0000000768200000|  0%| F|  |TAMS 0x0000000768100000, 0x0000000768100000| Untracked 
|  38|0x0000000768200000, 0x0000000768200000, 0x0000000768300000|  0%| F|  |TAMS 0x0000000768200000, 0x0000000768200000| Untracked 
|  39|0x0000000768300000, 0x0000000768300000, 0x0000000768400000|  0%| F|  |TAMS 0x0000000768300000, 0x0000000768300000| Untracked 
|  40|0x0000000768400000, 0x0000000768400000, 0x0000000768500000|  0%| F|  |TAMS 0x0000000768400000, 0x0000000768400000| Untracked 
|  41|0x0000000768500000, 0x0000000768500000, 0x0000000768600000|  0%| F|  |TAMS 0x0000000768500000, 0x0000000768500000| Untracked 
|  42|0x0000000768600000, 0x0000000768600000, 0x0000000768700000|  0%| F|  |TAMS 0x0000000768600000, 0x0000000768600000| Untracked 
|  43|0x0000000768700000, 0x0000000768700000, 0x0000000768800000|  0%| F|  |TAMS 0x0000000768700000, 0x0000000768700000| Untracked 
|  44|0x0000000768800000, 0x0000000768800000, 0x0000000768900000|  0%| F|  |TAMS 0x0000000768800000, 0x0000000768800000| Untracked 
|  45|0x0000000768900000, 0x0000000768900000, 0x0000000768a00000|  0%| F|  |TAMS 0x0000000768900000, 0x0000000768900000| Untracked 
|  46|0x0000000768a00000, 0x0000000768a00000, 0x0000000768b00000|  0%| F|  |TAMS 0x0000000768a00000, 0x0000000768a00000| Untracked 
|  47|0x0000000768b00000, 0x0000000768b00000, 0x0000000768c00000|  0%| F|  |TAMS 0x0000000768b00000, 0x0000000768b00000| Untracked 
|  48|0x0000000768c00000, 0x0000000768c00000, 0x0000000768d00000|  0%| F|  |TAMS 0x0000000768c00000, 0x0000000768c00000| Untracked 
|  49|0x0000000768d00000, 0x0000000768d00000, 0x0000000768e00000|  0%| F|  |TAMS 0x0000000768d00000, 0x0000000768d00000| Untracked 
|  50|0x0000000768e00000, 0x0000000768e00000, 0x0000000768f00000|  0%| F|  |TAMS 0x0000000768e00000, 0x0000000768e00000| Untracked 
|  51|0x0000000768f00000, 0x0000000768f00000, 0x0000000769000000|  0%| F|  |TAMS 0x0000000768f00000, 0x0000000768f00000| Untracked 
|  52|0x0000000769000000, 0x0000000769000000, 0x0000000769100000|  0%| F|  |TAMS 0x0000000769000000, 0x0000000769000000| Untracked 
|  53|0x0000000769100000, 0x0000000769100000, 0x0000000769200000|  0%| F|  |TAMS 0x0000000769100000, 0x0000000769100000| Untracked 
|  54|0x0000000769200000, 0x0000000769200000, 0x0000000769300000|  0%| F|  |TAMS 0x0000000769200000, 0x0000000769200000| Untracked 
|  55|0x0000000769300000, 0x0000000769300000, 0x0000000769400000|  0%| F|  |TAMS 0x0000000769300000, 0x0000000769300000| Untracked 
|  56|0x0000000769400000, 0x0000000769400000, 0x0000000769500000|  0%| F|  |TAMS 0x0000000769400000, 0x0000000769400000| Untracked 
|  57|0x0000000769500000, 0x0000000769500000, 0x0000000769600000|  0%| F|  |TAMS 0x0000000769500000, 0x0000000769500000| Untracked 
|  58|0x0000000769600000, 0x0000000769600000, 0x0000000769700000|  0%| F|  |TAMS 0x0000000769600000, 0x0000000769600000| Untracked 
|  59|0x0000000769700000, 0x0000000769700000, 0x0000000769800000|  0%| F|  |TAMS 0x0000000769700000, 0x0000000769700000| Untracked 
|  60|0x0000000769800000, 0x0000000769800000, 0x0000000769900000|  0%| F|  |TAMS 0x0000000769800000, 0x0000000769800000| Untracked 
|  61|0x0000000769900000, 0x0000000769900000, 0x0000000769a00000|  0%| F|  |TAMS 0x0000000769900000, 0x0000000769900000| Untracked 
|  62|0x0000000769a00000, 0x0000000769a00000, 0x0000000769b00000|  0%| F|  |TAMS 0x0000000769a00000, 0x0000000769a00000| Untracked 
|  63|0x0000000769b00000, 0x0000000769b00000, 0x0000000769c00000|  0%| F|  |TAMS 0x0000000769b00000, 0x0000000769b00000| Untracked 
|  64|0x0000000769c00000, 0x0000000769c00000, 0x0000000769d00000|  0%| F|  |TAMS 0x0000000769c00000, 0x0000000769c00000| Untracked 
|  65|0x0000000769d00000, 0x0000000769d00000, 0x0000000769e00000|  0%| F|  |TAMS 0x0000000769d00000, 0x0000000769d00000| Untracked 
|  66|0x0000000769e00000, 0x0000000769e00000, 0x0000000769f00000|  0%| F|  |TAMS 0x0000000769e00000, 0x0000000769e00000| Untracked 
|  67|0x0000000769f00000, 0x0000000769f00000, 0x000000076a000000|  0%| F|  |TAMS 0x0000000769f00000, 0x0000000769f00000| Untracked 
|  68|0x000000076a000000, 0x000000076a000000, 0x000000076a100000|  0%| F|  |TAMS 0x000000076a000000, 0x000000076a000000| Untracked 
|  69|0x000000076a100000, 0x000000076a100000, 0x000000076a200000|  0%| F|  |TAMS 0x000000076a100000, 0x000000076a100000| Untracked 
|  70|0x000000076a200000, 0x000000076a200000, 0x000000076a300000|  0%| F|  |TAMS 0x000000076a200000, 0x000000076a200000| Untracked 
|  71|0x000000076a300000, 0x000000076a300000, 0x000000076a400000|  0%| F|  |TAMS 0x000000076a300000, 0x000000076a300000| Untracked 
|  72|0x000000076a400000, 0x000000076a400000, 0x000000076a500000|  0%| F|  |TAMS 0x000000076a400000, 0x000000076a400000| Untracked 
|  73|0x000000076a500000, 0x000000076a500000, 0x000000076a600000|  0%| F|  |TAMS 0x000000076a500000, 0x000000076a500000| Untracked 
|  74|0x000000076a600000, 0x000000076a600000, 0x000000076a700000|  0%| F|  |TAMS 0x000000076a600000, 0x000000076a600000| Untracked 
|  75|0x000000076a700000, 0x000000076a700000, 0x000000076a800000|  0%| F|  |TAMS 0x000000076a700000, 0x000000076a700000| Untracked 
|  76|0x000000076a800000, 0x000000076a800000, 0x000000076a900000|  0%| F|  |TAMS 0x000000076a800000, 0x000000076a800000| Untracked 
|  77|0x000000076a900000, 0x000000076a900000, 0x000000076aa00000|  0%| F|  |TAMS 0x000000076a900000, 0x000000076a900000| Untracked 
|  78|0x000000076aa00000, 0x000000076aa00000, 0x000000076ab00000|  0%| F|  |TAMS 0x000000076aa00000, 0x000000076aa00000| Untracked 
|  79|0x000000076ab00000, 0x000000076ab00000, 0x000000076ac00000|  0%| F|  |TAMS 0x000000076ab00000, 0x000000076ab00000| Untracked 
|  80|0x000000076ac00000, 0x000000076ac00000, 0x000000076ad00000|  0%| F|  |TAMS 0x000000076ac00000, 0x000000076ac00000| Untracked 
|  81|0x000000076ad00000, 0x000000076ad00000, 0x000000076ae00000|  0%| F|  |TAMS 0x000000076ad00000, 0x000000076ad00000| Untracked 
|  82|0x000000076ae00000, 0x000000076ae00000, 0x000000076af00000|  0%| F|  |TAMS 0x000000076ae00000, 0x000000076ae00000| Untracked 
|  83|0x000000076af00000, 0x000000076af00000, 0x000000076b000000|  0%| F|  |TAMS 0x000000076af00000, 0x000000076af00000| Untracked 
|  84|0x000000076b000000, 0x000000076b000000, 0x000000076b100000|  0%| F|  |TAMS 0x000000076b000000, 0x000000076b000000| Untracked 
|  85|0x000000076b100000, 0x000000076b100000, 0x000000076b200000|  0%| F|  |TAMS 0x000000076b100000, 0x000000076b100000| Untracked 
|  86|0x000000076b200000, 0x000000076b200000, 0x000000076b300000|  0%| F|  |TAMS 0x000000076b200000, 0x000000076b200000| Untracked 
|  87|0x000000076b300000, 0x000000076b300000, 0x000000076b400000|  0%| F|  |TAMS 0x000000076b300000, 0x000000076b300000| Untracked 
|  88|0x000000076b400000, 0x000000076b400000, 0x000000076b500000|  0%| F|  |TAMS 0x000000076b400000, 0x000000076b400000| Untracked 
|  89|0x000000076b500000, 0x000000076b500000, 0x000000076b600000|  0%| F|  |TAMS 0x000000076b500000, 0x000000076b500000| Untracked 
|  90|0x000000076b600000, 0x000000076b600000, 0x000000076b700000|  0%| F|  |TAMS 0x000000076b600000, 0x000000076b600000| Untracked 
|  91|0x000000076b700000, 0x000000076b7487e8, 0x000000076b800000| 28%| S|CS|TAMS 0x000000076b700000, 0x000000076b700000| Complete 
|  92|0x000000076b800000, 0x000000076b900000, 0x000000076b900000|100%| S|CS|TAMS 0x000000076b800000, 0x000000076b800000| Complete 
|  93|0x000000076b900000, 0x000000076ba00000, 0x000000076ba00000|100%| S|CS|TAMS 0x000000076b900000, 0x000000076b900000| Complete 
|  94|0x000000076ba00000, 0x000000076bb00000, 0x000000076bb00000|100%| S|CS|TAMS 0x000000076ba00000, 0x000000076ba00000| Complete 
|  95|0x000000076bb00000, 0x000000076bc00000, 0x000000076bc00000|100%| S|CS|TAMS 0x000000076bb00000, 0x000000076bb00000| Complete 
|  96|0x000000076bc00000, 0x000000076bd00000, 0x000000076bd00000|100%| S|CS|TAMS 0x000000076bc00000, 0x000000076bc00000| Complete 
|  97|0x000000076bd00000, 0x000000076be00000, 0x000000076be00000|100%| S|CS|TAMS 0x000000076bd00000, 0x000000076bd00000| Complete 
|  98|0x000000076be00000, 0x000000076bf00000, 0x000000076bf00000|100%| S|CS|TAMS 0x000000076be00000, 0x000000076be00000| Complete 
|  99|0x000000076bf00000, 0x000000076c000000, 0x000000076c000000|100%| S|CS|TAMS 0x000000076bf00000, 0x000000076bf00000| Complete 
| 100|0x000000076c000000, 0x000000076c000000, 0x000000076c100000|  0%| F|  |TAMS 0x000000076c000000, 0x000000076c000000| Untracked 
| 101|0x000000076c100000, 0x000000076c100000, 0x000000076c200000|  0%| F|  |TAMS 0x000000076c100000, 0x000000076c100000| Untracked 
| 102|0x000000076c200000, 0x000000076c200000, 0x000000076c300000|  0%| F|  |TAMS 0x000000076c200000, 0x000000076c200000| Untracked 
| 103|0x000000076c300000, 0x000000076c300000, 0x000000076c400000|  0%| F|  |TAMS 0x000000076c300000, 0x000000076c300000| Untracked 
| 104|0x000000076c400000, 0x000000076c400000, 0x000000076c500000|  0%| F|  |TAMS 0x000000076c400000, 0x000000076c400000| Untracked 
| 105|0x000000076c500000, 0x000000076c500000, 0x000000076c600000|  0%| F|  |TAMS 0x000000076c500000, 0x000000076c500000| Untracked 
| 106|0x000000076c600000, 0x000000076c600000, 0x000000076c700000|  0%| F|  |TAMS 0x000000076c600000, 0x000000076c600000| Untracked 
| 107|0x000000076c700000, 0x000000076c700000, 0x000000076c800000|  0%| F|  |TAMS 0x000000076c700000, 0x000000076c700000| Untracked 
| 108|0x000000076c800000, 0x000000076c800000, 0x000000076c900000|  0%| F|  |TAMS 0x000000076c800000, 0x000000076c800000| Untracked 
| 109|0x000000076c900000, 0x000000076c900000, 0x000000076ca00000|  0%| F|  |TAMS 0x000000076c900000, 0x000000076c900000| Untracked 
| 110|0x000000076ca00000, 0x000000076ca00000, 0x000000076cb00000|  0%| F|  |TAMS 0x000000076ca00000, 0x000000076ca00000| Untracked 
| 111|0x000000076cb00000, 0x000000076cb00000, 0x000000076cc00000|  0%| F|  |TAMS 0x000000076cb00000, 0x000000076cb00000| Untracked 
| 112|0x000000076cc00000, 0x000000076cc00000, 0x000000076cd00000|  0%| F|  |TAMS 0x000000076cc00000, 0x000000076cc00000| Untracked 
| 113|0x000000076cd00000, 0x000000076cd00000, 0x000000076ce00000|  0%| F|  |TAMS 0x000000076cd00000, 0x000000076cd00000| Untracked 
| 114|0x000000076ce00000, 0x000000076ce00000, 0x000000076cf00000|  0%| F|  |TAMS 0x000000076ce00000, 0x000000076ce00000| Untracked 
| 115|0x000000076cf00000, 0x000000076cf00000, 0x000000076d000000|  0%| F|  |TAMS 0x000000076cf00000, 0x000000076cf00000| Untracked 
| 116|0x000000076d000000, 0x000000076d000000, 0x000000076d100000|  0%| F|  |TAMS 0x000000076d000000, 0x000000076d000000| Untracked 
| 117|0x000000076d100000, 0x000000076d100000, 0x000000076d200000|  0%| F|  |TAMS 0x000000076d100000, 0x000000076d100000| Untracked 
| 118|0x000000076d200000, 0x000000076d200000, 0x000000076d300000|  0%| F|  |TAMS 0x000000076d200000, 0x000000076d200000| Untracked 
| 119|0x000000076d300000, 0x000000076d300000, 0x000000076d400000|  0%| F|  |TAMS 0x000000076d300000, 0x000000076d300000| Untracked 
| 120|0x000000076d400000, 0x000000076d400000, 0x000000076d500000|  0%| F|  |TAMS 0x000000076d400000, 0x000000076d400000| Untracked 
| 121|0x000000076d500000, 0x000000076d500000, 0x000000076d600000|  0%| F|  |TAMS 0x000000076d500000, 0x000000076d500000| Untracked 
| 122|0x000000076d600000, 0x000000076d600000, 0x000000076d700000|  0%| F|  |TAMS 0x000000076d600000, 0x000000076d600000| Untracked 
| 123|0x000000076d700000, 0x000000076d700000, 0x000000076d800000|  0%| F|  |TAMS 0x000000076d700000, 0x000000076d700000| Untracked 
| 124|0x000000076d800000, 0x000000076d800000, 0x000000076d900000|  0%| F|  |TAMS 0x000000076d800000, 0x000000076d800000| Untracked 
| 125|0x000000076d900000, 0x000000076d900000, 0x000000076da00000|  0%| F|  |TAMS 0x000000076d900000, 0x000000076d900000| Untracked 
| 126|0x000000076da00000, 0x000000076da00000, 0x000000076db00000|  0%| F|  |TAMS 0x000000076da00000, 0x000000076da00000| Untracked 
| 127|0x000000076db00000, 0x000000076db00000, 0x000000076dc00000|  0%| F|  |TAMS 0x000000076db00000, 0x000000076db00000| Untracked 
| 128|0x000000076dc00000, 0x000000076dc00000, 0x000000076dd00000|  0%| F|  |TAMS 0x000000076dc00000, 0x000000076dc00000| Untracked 
| 129|0x000000076dd00000, 0x000000076dd00000, 0x000000076de00000|  0%| F|  |TAMS 0x000000076dd00000, 0x000000076dd00000| Untracked 
| 130|0x000000076de00000, 0x000000076de00000, 0x000000076df00000|  0%| F|  |TAMS 0x000000076de00000, 0x000000076de00000| Untracked 
| 131|0x000000076df00000, 0x000000076df00000, 0x000000076e000000|  0%| F|  |TAMS 0x000000076df00000, 0x000000076df00000| Untracked 
| 132|0x000000076e000000, 0x000000076e000000, 0x000000076e100000|  0%| F|  |TAMS 0x000000076e000000, 0x000000076e000000| Untracked 
| 133|0x000000076e100000, 0x000000076e100000, 0x000000076e200000|  0%| F|  |TAMS 0x000000076e100000, 0x000000076e100000| Untracked 
| 134|0x000000076e200000, 0x000000076e200000, 0x000000076e300000|  0%| F|  |TAMS 0x000000076e200000, 0x000000076e200000| Untracked 
| 135|0x000000076e300000, 0x000000076e300000, 0x000000076e400000|  0%| F|  |TAMS 0x000000076e300000, 0x000000076e300000| Untracked 
| 136|0x000000076e400000, 0x000000076e400000, 0x000000076e500000|  0%| F|  |TAMS 0x000000076e400000, 0x000000076e400000| Untracked 
| 137|0x000000076e500000, 0x000000076e500000, 0x000000076e600000|  0%| F|  |TAMS 0x000000076e500000, 0x000000076e500000| Untracked 
| 138|0x000000076e600000, 0x000000076e600000, 0x000000076e700000|  0%| F|  |TAMS 0x000000076e600000, 0x000000076e600000| Untracked 
| 139|0x000000076e700000, 0x000000076e700000, 0x000000076e800000|  0%| F|  |TAMS 0x000000076e700000, 0x000000076e700000| Untracked 
| 140|0x000000076e800000, 0x000000076e800000, 0x000000076e900000|  0%| F|  |TAMS 0x000000076e800000, 0x000000076e800000| Untracked 
| 141|0x000000076e900000, 0x000000076e900000, 0x000000076ea00000|  0%| F|  |TAMS 0x000000076e900000, 0x000000076e900000| Untracked 
| 142|0x000000076ea00000, 0x000000076ea00000, 0x000000076eb00000|  0%| F|  |TAMS 0x000000076ea00000, 0x000000076ea00000| Untracked 
| 143|0x000000076eb00000, 0x000000076eb00000, 0x000000076ec00000|  0%| F|  |TAMS 0x000000076eb00000, 0x000000076eb00000| Untracked 
| 144|0x000000076ec00000, 0x000000076ec00000, 0x000000076ed00000|  0%| F|  |TAMS 0x000000076ec00000, 0x000000076ec00000| Untracked 
| 145|0x000000076ed00000, 0x000000076ed00000, 0x000000076ee00000|  0%| F|  |TAMS 0x000000076ed00000, 0x000000076ed00000| Untracked 
| 146|0x000000076ee00000, 0x000000076ee00000, 0x000000076ef00000|  0%| F|  |TAMS 0x000000076ee00000, 0x000000076ee00000| Untracked 
| 147|0x000000076ef00000, 0x000000076ef00000, 0x000000076f000000|  0%| F|  |TAMS 0x000000076ef00000, 0x000000076ef00000| Untracked 
| 148|0x000000076f000000, 0x000000076f000000, 0x000000076f100000|  0%| F|  |TAMS 0x000000076f000000, 0x000000076f000000| Untracked 
| 149|0x000000076f100000, 0x000000076f143110, 0x000000076f200000| 26%| E|  |TAMS 0x000000076f100000, 0x000000076f100000| Complete 
| 150|0x000000076f200000, 0x000000076f300000, 0x000000076f300000|100%| E|CS|TAMS 0x000000076f200000, 0x000000076f200000| Complete 
| 151|0x000000076f300000, 0x000000076f400000, 0x000000076f400000|100%| E|CS|TAMS 0x000000076f300000, 0x000000076f300000| Complete 
| 152|0x000000076f400000, 0x000000076f500000, 0x000000076f500000|100%| E|CS|TAMS 0x000000076f400000, 0x000000076f400000| Complete 
| 153|0x000000076f500000, 0x000000076f600000, 0x000000076f600000|100%| E|CS|TAMS 0x000000076f500000, 0x000000076f500000| Complete 
| 154|0x000000076f600000, 0x000000076f700000, 0x000000076f700000|100%| E|CS|TAMS 0x000000076f600000, 0x000000076f600000| Complete 
| 155|0x000000076f700000, 0x000000076f800000, 0x000000076f800000|100%| E|CS|TAMS 0x000000076f700000, 0x000000076f700000| Complete 

Card table byte_map: [0x00007f512cccc000,0x00007f512d19e000] _byte_map_base: 0x00007f512919e000

Marking Bits (Prev, Next): (CMBitMap*) 0x00007f5128070a18, (CMBitMap*) 0x00007f5128070a50
 Prev Bits: [0x00007f5109970000, 0x00007f510c000000)
 Next Bits: [0x00007f51072e0000, 0x00007f5109970000)

Polling page: 0x00007f5130232000

Metaspace:

Usage:
  Non-class:     31.42 MB capacity,    30.83 MB ( 98%) used,   476.05 KB (  1%) free+waste,   126.12 KB ( <1%) overhead. 
      Class:      4.45 MB capacity,     4.02 MB ( 90%) used,   377.64 KB (  8%) free+waste,    60.12 KB (  1%) overhead. 
       Both:     35.87 MB capacity,    34.85 MB ( 97%) used,   853.70 KB (  2%) free+waste,   186.25 KB ( <1%) overhead. 

Virtual space:
  Non-class space:       32.00 MB reserved,      31.42 MB ( 98%) committed 
      Class space:        1.00 GB reserved,       4.50 MB ( <1%) committed 
             Both:        1.03 GB reserved,      35.92 MB (  3%) committed 

Chunk freelists:
   Non-Class:  2.00 KB
       Class:  24.00 KB
        Both:  26.00 KB

MaxMetaspaceSize: unlimited
CompressedClassSpaceSize: 1.00 GB

CodeHeap 'non-profiled nmethods': size=120032Kb used=1726Kb max_used=1726Kb free=118305Kb
 bounds [0x00007f5118361000, 0x00007f51185d1000, 0x00007f511f899000]
CodeHeap 'profiled nmethods': size=120032Kb used=7003Kb max_used=7003Kb free=113028Kb
 bounds [0x00007f5110e29000, 0x00007f5111509000, 0x00007f5118361000]
CodeHeap 'non-nmethods': size=5696Kb used=1129Kb max_used=1174Kb free=4566Kb
 bounds [0x00007f5110899000, 0x00007f5110b09000, 0x00007f5110e29000]
 total_blobs=3884 nmethods=3417 adapters=379
 compilation: enabled
              stopped_count=0, restarted_count=0
 full_count=0

Compilation events (20 events):
Event: 84.901 Thread 0x00007f5128202000 3414   !   3       java.util.concurrent.locks.AbstractQueuedSynchronizer::acquireQueued (74 bytes)
Event: 84.903 Thread 0x00007f5128202000 nmethod 3414 0x00007f51114f7490 code [0x00007f51114f7740, 0x00007f51114f8420]
Event: 91.901 Thread 0x00007f5128202000 3416       3       java.util.concurrent.ScheduledThreadPoolExecutor$ScheduledFutureTask::getDelay (16 bytes)
Event: 91.901 Thread 0x00007f5128202000 nmethod 3416 0x00007f51114f8990 code [0x00007f51114f8b60, 0x00007f51114f8cc0]
Event: 91.901 Thread 0x00007f5128202000 3417       3       java.util.concurrent.TimeUnit::convert (77 bytes)
Event: 91.902 Thread 0x00007f5128202000 nmethod 3417 0x00007f51114f8d90 code [0x00007f51114f8fa0, 0x00007f51114f92e0]
Event: 92.901 Thread 0x00007f5128202000 3418       3       java.util.concurrent.locks.AbstractQueuedSynchronizer::unparkSuccessor (84 bytes)
Event: 92.902 Thread 0x00007f5128202000 nmethod 3418 0x00007f51114f9490 code [0x00007f51114f9700, 0x00007f51114fa110]
Event: 92.903 Thread 0x00007f5128202000 3419       3       java.util.concurrent.locks.LockSupport::unpark (12 bytes)
Event: 92.903 Thread 0x00007f5128202000 nmethod 3419 0x00007f51114fa510 code [0x00007f51114fa6c0, 0x00007f51114fa820]
Event: 93.901 Thread 0x00007f5128202000 3421       3       java.lang.invoke.VarHandleGuards::guard_LI_V (103 bytes)
Event: 93.905 Thread 0x00007f5128202000 nmethod 3421 0x00007f51114fa910 code [0x00007f51114fac80, 0x00007f51114fc8e0]
Event: 94.901 Thread 0x00007f5128202000 3423       3       java.util.concurrent.locks.AbstractQueuedSynchronizer$ConditionObject::checkInterruptWhileWaiting (27 bytes)
Event: 94.902 Thread 0x00007f5128202000 nmethod 3423 0x00007f51114fd190 code [0x00007f51114fd440, 0x00007f51114fdf00]
Event: 94.902 Thread 0x00007f5128202000 3424       3       java.util.concurrent.locks.AbstractQueuedSynchronizer$ConditionObject::addConditionWaiter (79 bytes)
Event: 94.904 Thread 0x00007f5128202000 nmethod 3424 0x00007f51114fe310 code [0x00007f51114fe600, 0x00007f51114ff500]
Event: 102.901 Thread 0x00007f5128202000 3425       1       java.util.concurrent.ThreadPoolExecutor::getQueue (5 bytes)
Event: 102.901 Thread 0x00007f5128202000 nmethod 3425 0x00007f5118510710 code [0x00007f51185108c0, 0x00007f5118510970]
Event: 103.901 Thread 0x00007f5128202000 3426       3       java.util.concurrent.ThreadPoolExecutor::workerCountOf (5 bytes)
Event: 103.901 Thread 0x00007f5128202000 nmethod 3426 0x00007f51114ffa10 code [0x00007f51114ffbc0, 0x00007f51114ffc90]

GC Heap History (8 events):
Event: 0.659 GC heap before
{Heap before GC invocations=0 (full 0):
 garbage-first heap   total 159744K, used 14336K [0x0000000765c00000, 0x0000000800000000)
  region size 1024K, 14 young (14336K), 0 survivors (0K)
 Metaspace       used 10085K, capacity 10250K, committed 10496K, reserved 1058816K
  class space    used 885K, capacity 948K, committed 1024K, reserved 1048576K
}
Event: 0.663 GC heap after
{Heap after GC invocations=1 (full 0):
 garbage-first heap   total 159744K, used 2238K [0x0000000765c00000, 0x0000000800000000)
  region size 1024K, 2 young (2048K), 2 survivors (2048K)
 Metaspace       used 10085K, capacity 10250K, committed 10496K, reserved 1058816K
  class space    used 885K, capacity 948K, committed 1024K, reserved 1048576K
}
Event: 2.123 GC heap before
{Heap before GC invocations=1 (full 0):
 garbage-first heap   total 159744K, used 61630K [0x0000000765c00000, 0x0000000800000000)
  region size 1024K, 61 young (62464K), 2 survivors (2048K)
 Metaspace       used 20688K, capacity 21157K, committed 21296K, reserved 1069056K
  class space    used 2203K, capacity 2411K, committed 2432K, reserved 1048576K
}
Event: 2.145 GC heap after
{Heap after GC invocations=2 (full 0):
 garbage-first heap   total 159744K, used 4845K [0x0000000765c00000, 0x0000000800000000)
  region size 1024K, 5 young (5120K), 5 survivors (5120K)
 Metaspace       used 20688K, capacity 21157K, committed 21296K, reserved 1069056K
  class space    used 2203K, capacity 2411K, committed 2432K, reserved 1048576K
}
Event: 3.230 GC heap before
{Heap before GC invocations=3 (full 0):
 garbage-first heap   total 159744K, used 68333K [0x0000000765c00000, 0x0000000800000000)
  region size 1024K, 67 young (68608K), 5 survivors (5120K)
 Metaspace       used 27345K, capacity 28057K, committed 28208K, reserved 1075200K
  class space    used 3075K, capacity 3381K, committed 3456K, reserved 1048576K
}
Event: 3.244 GC heap after
{Heap after GC invocations=4 (full 0):
 garbage-first heap   total 159744K, used 7101K [0x0000000765c00000, 0x0000000800000000)
  region size 1024K, 7 young (7168K), 7 survivors (7168K)
 Metaspace       used 27345K, capacity 28057K, committed 28208K, reserved 1075200K
  class space    used 3075K, capacity 3381K, committed 3456K, reserved 1048576K
}
Event: 4.719 GC heap before
{Heap before GC invocations=4 (full 0):
 garbage-first heap   total 159744K, used 63421K [0x0000000765c00000, 0x0000000800000000)
  region size 1024K, 63 young (64512K), 7 survivors (7168K)
 Metaspace       used 34821K, capacity 35820K, committed 35888K, reserved 1081344K
  class space    used 4002K, capacity 4420K, committed 4480K, reserved 1048576K
}
Event: 4.735 GC heap after
{Heap after GC invocations=5 (full 0):
 garbage-first heap   total 159744K, used 10648K [0x0000000765c00000, 0x0000000800000000)
  region size 1024K, 9 young (9216K), 9 survivors (9216K)
 Metaspace       used 34821K, capacity 35820K, committed 35888K, reserved 1081344K
  class space    used 4002K, capacity 4420K, committed 4480K, reserved 1048576K
}

Deoptimization events (20 events):
Event: 4.787 Thread 0x00007f5128027800 DEOPT PACKING pc=0x00007f51184eac40 sp=0x00007f512e6f2190
Event: 4.787 Thread 0x00007f5128027800 DEOPT UNPACKING pc=0x00007f51108bf725 sp=0x00007f512e6f2148 mode 2
Event: 4.787 Thread 0x00007f5128027800 Uncommon trap: trap_request=0xffffffbe fr.pc=0x00007f51184eac40 relative=0x00000000000008e0
Event: 4.787 Thread 0x00007f5128027800 Uncommon trap: reason=profile_predicate action=maybe_recompile pc=0x00007f51184eac40 method=java.lang.PublicMethods$MethodList.filter([Ljava/lang/reflect/Method;Ljava/lang/String;[Ljava/lang/Class;Z)Ljava/lang/PublicMethods$MethodList; @ 21 c2
Event: 4.787 Thread 0x00007f5128027800 DEOPT PACKING pc=0x00007f51184eac40 sp=0x00007f512e6f2190
Event: 4.787 Thread 0x00007f5128027800 DEOPT UNPACKING pc=0x00007f51108bf725 sp=0x00007f512e6f2148 mode 2
Event: 4.787 Thread 0x00007f5128027800 Uncommon trap: trap_request=0xffffffbe fr.pc=0x00007f51184eac40 relative=0x00000000000008e0
Event: 4.787 Thread 0x00007f5128027800 Uncommon trap: reason=profile_predicate action=maybe_recompile pc=0x00007f51184eac40 method=java.lang.PublicMethods$MethodList.filter([Ljava/lang/reflect/Method;Ljava/lang/String;[Ljava/lang/Class;Z)Ljava/lang/PublicMethods$MethodList; @ 21 c2
Event: 4.787 Thread 0x00007f5128027800 DEOPT PACKING pc=0x00007f51184eac40 sp=0x00007f512e6f2190
Event: 4.787 Thread 0x00007f5128027800 DEOPT UNPACKING pc=0x00007f51108bf725 sp=0x00007f512e6f2148 mode 2
Event: 4.796 Thread 0x00007f5128027800 DEOPT PACKING pc=0x00007f51111b1dc9 sp=0x00007f512e6f0320
Event: 4.796 Thread 0x00007f5128027800 DEOPT UNPACKING pc=0x00007f51108bf53a sp=0x00007f512e6ef888 mode 0
Event: 4.806 Thread 0x00007f5128027800 Uncommon trap: trap_request=0xffffff4d fr.pc=0x00007f51184d7724 relative=0x0000000000000de4
Event: 4.806 Thread 0x00007f5128027800 Uncommon trap: reason=unstable_if action=reinterpret pc=0x00007f51184d7724 method=org.springframework.beans.factory.support.DefaultSingletonBeanRegistry.getSingleton(Ljava/lang/String;Z)Ljava/lang/Object; @ 39 c2
Event: 4.806 Thread 0x00007f5128027800 DEOPT PACKING pc=0x00007f51184d7724 sp=0x00007f512e6f1d60
Event: 4.806 Thread 0x00007f5128027800 DEOPT UNPACKING pc=0x00007f51108bf725 sp=0x00007f512e6f1d18 mode 2
Event: 4.918 Thread 0x00007f5128027800 Uncommon trap: trap_request=0xffffff6e fr.pc=0x00007f511848bf7c relative=0x0000000000000c3c
Event: 4.918 Thread 0x00007f5128027800 Uncommon trap: reason=speculate_class_check action=maybe_recompile pc=0x00007f511848bf7c method=java.util.zip.InflaterInputStream.read([BII)I @ 100 c2
Event: 4.918 Thread 0x00007f5128027800 DEOPT PACKING pc=0x00007f511848bf7c sp=0x00007f512e6f1a60
Event: 4.918 Thread 0x00007f5128027800 DEOPT UNPACKING pc=0x00007f51108bf725 sp=0x00007f512e6f1a60 mode 2

Classes redefined (0 events):
No events

Internal exceptions (20 events):
Event: 4.024 Thread 0x00007f5128027800 Exception <a 'java/lang/NoSuchMethodError'{0x000000076d942030}: 'int java.lang.invoke.DirectMethodHandle$Holder.invokeInterface(java.lang.Object, java.lang.Object, java.lang.Object, java.lang.Object)'> (0x000000076d942030) thrown at [./src/hotspot/share/interpreter/linkResolver.cpp, line 773]
Event: 4.201 Thread 0x00007f5128027800 Exception <a 'java/io/FileNotFoundException'{0x000000076d621638}> (0x000000076d621638) thrown at [./src/hotspot/share/prims/jni.cpp, line 615]
Event: 4.346 Thread 0x00007f5128027800 Exception <a 'java/lang/ClassNotFoundException'{0x000000076d2c7de8}: java/lang/ObjectCustomizer> (0x000000076d2c7de8) thrown at [./src/hotspot/share/classfile/systemDictionary.cpp, line 231]
Event: 4.352 Thread 0x00007f5128027800 Exception <a 'java/lang/ClassNotFoundException'{0x000000076d2dc8f0}: org/springframework/web/servlet/config/annotation/WebMvcConfigurationSupportCustomizer> (0x000000076d2dc8f0) thrown at [./src/hotspot/share/classfile/systemDictionary.cpp, line 231]
Event: 4.357 Thread 0x00007f5128027800 Exception <a 'java/lang/ClassNotFoundException'{0x000000076d2fda50}: org/springframework/web/servlet/config/annotation/DelegatingWebMvcConfigurationCustomizer> (0x000000076d2fda50) thrown at [./src/hotspot/share/classfile/systemDictionary.cpp, line 231]
Event: 4.360 Thread 0x00007f5128027800 Exception <a 'java/lang/ClassNotFoundException'{0x000000076d115b90}: org/springframework/boot/autoconfigure/web/servlet/WebMvcAutoConfiguration$EnableWebMvcConfigurationCustomizer> (0x000000076d115b90) thrown at [./src/hotspot/share/classfile/systemDictionary.cpp, line 231]
Event: 4.366 Thread 0x00007f5128027800 Exception <a 'java/lang/ClassNotFoundException'{0x000000076d1359f8}: org/springframework/context/ResourceLoaderAwareCustomizer> (0x000000076d1359f8) thrown at [./src/hotspot/share/classfile/systemDictionary.cpp, line 231]
Event: 4.366 Thread 0x00007f5128027800 Exception <a 'java/lang/ClassNotFoundException'{0x000000076d1459c8}: org/springframework/beans/factory/AwareCustomizer> (0x000000076d1459c8) thrown at [./src/hotspot/share/classfile/systemDictionary.cpp, line 231]
Event: 4.367 Thread 0x00007f5128027800 Exception <a 'java/lang/ClassNotFoundException'{0x000000076d1558f8}: org/springframework/context/ApplicationContextAwareCustomizer> (0x000000076d1558f8) thrown at [./src/hotspot/share/classfile/systemDictionary.cpp, line 231]
Event: 4.368 Thread 0x00007f5128027800 Exception <a 'java/lang/ClassNotFoundException'{0x000000076d166268}: org/springframework/beans/factory/AwareCustomizer> (0x000000076d166268) thrown at [./src/hotspot/share/classfile/systemDictionary.cpp, line 231]
Event: 4.368 Thread 0x00007f5128027800 Exception <a 'java/lang/ClassNotFoundException'{0x000000076d176170}: org/springframework/web/context/ServletContextAwareCustomizer> (0x000000076d176170) thrown at [./src/hotspot/share/classfile/systemDictionary.cpp, line 231]
Event: 4.369 Thread 0x00007f5128027800 Exception <a 'java/lang/ClassNotFoundException'{0x000000076d1867f0}: org/springframework/beans/factory/AwareCustomizer> (0x000000076d1867f0) thrown at [./src/hotspot/share/classfile/systemDictionary.cpp, line 231]
Event: 4.533 Thread 0x00007f5128027800 Exception <a 'java/lang/NoSuchMethodError'{0x000000076ca68e00}: 'void java.lang.invoke.DirectMethodHandle$Holder.invokeVirtual(java.lang.Object, java.lang.Object, int)'> (0x000000076ca68e00) thrown at [./src/hotspot/share/interpreter/linkResolver.cpp, line 773]
Event: 4.537 Thread 0x00007f5128027800 Exception <a 'java/lang/NoSuchMethodError'{0x000000076ca82a28}: 'void java.lang.invoke.DirectMethodHandle$Holder.invokeVirtual(java.lang.Object, java.lang.Object, long)'> (0x000000076ca82a28) thrown at [./src/hotspot/share/interpreter/linkResolver.cpp, line 773]
Event: 4.710 Thread 0x00007f5128027800 Exception <a 'java/lang/IncompatibleClassChangeError'{0x000000076c1e5af8}: Found class java.lang.Object, but interface was expected> (0x000000076c1e5af8) thrown at [./src/hotspot/share/interpreter/linkResolver.cpp, line 839]
Event: 4.795 Thread 0x00007f5128027800 Exception <a 'java/lang/NoSuchMethodError'{0x000000076f69ddc0}: 'int java.lang.invoke.DirectMethodHandle$Holder.invokeStaticInit(java.lang.Object, java.lang.Object, java.lang.Object, java.lang.Object)'> (0x000000076f69ddc0) thrown at [./src/hotspot/share/interpreter/linkResolver.cpp, line 773]
Event: 4.861 Thread 0x00007f5128027800 Exception <a 'java/lang/NoSuchMethodError'{0x000000076f4b3a28}: 'java.lang.Object java.lang.invoke.DirectMethodHandle$Holder.invokeSpecial(java.lang.Object, java.lang.Object, int, java.lang.Object, int, java.lang.Object)'> (0x000000076f4b3a28) thrown at [./src/hotspot/share/interpreter/linkResolver.cpp, line 773]
Event: 4.862 Thread 0x00007f5128027800 Exception <a 'java/lang/NoSuchMethodError'{0x000000076f4bb1b8}: 'java.lang.Object java.lang.invoke.DirectMethodHandle$Holder.invokeStatic(java.lang.Object, java.lang.Object, int, java.lang.Object, int)'> (0x000000076f4bb1b8) thrown at [./src/hotspot/share/interpreter/linkResolver.cpp, line 773]
Event: 4.862 Thread 0x00007f5128027800 Exception <a 'java/lang/NoSuchMethodError'{0x000000076f4be998}: 'java.lang.Object java.lang.invoke.DirectMethodHandle$Holder.invokeSpecial(java.lang.Object, java.lang.Object, java.lang.Object, int, java.lang.Object, int)'> (0x000000076f4be998) thrown at [./src/hotspot/share/interpreter/linkResolver.cpp, line 773]
Event: 4.864 Thread 0x00007f5128027800 Exception <a 'java/lang/NoSuchMethodError'{0x000000076f4cda00}: 'void java.lang.invoke.DirectMethodHandle$Holder.invokeVirtual(java.lang.Object, java.lang.Object)'> (0x000000076f4cda00) thrown at [./src/hotspot/share/interpreter/linkResolver.cpp, line 773]

Events (20 events):
Event: 4.948 Protecting memory [0x00007f512e5f4000,0x00007f512e5f8000] with protection modes 0
Event: 4.948 Thread 0x00007f5128027800 Thread added: 0x00007f5128027800
Event: 10.205 Thread 0x00007f50e40b7000 Thread exited: 0x00007f50e40b7000
Event: 14.214 Executing VM operation: RevokeBias
Event: 14.214 Executing VM operation: RevokeBias done
Event: 14.214 Executing VM operation: RevokeBias
Event: 14.214 Executing VM operation: RevokeBias done
Event: 14.214 loading class org/apache/catalina/webresources/Cache$EvictionOrder
Event: 14.214 loading class org/apache/catalina/webresources/Cache$EvictionOrder done
Event: 14.215 loading class java/util/TreeMap$KeySet
Event: 14.215 loading class java/util/TreeMap$KeySet done
Event: 14.215 loading class java/util/TreeMap$KeyIterator
Event: 14.215 loading class java/util/TreeMap$KeyIterator done
Event: 14.215 Executing VM operation: RevokeBias
Event: 14.215 Executing VM operation: RevokeBias done
Event: 14.215 loading class org/apache/tomcat/PeriodicEventListener
Event: 14.215 loading class org/apache/tomcat/PeriodicEventListener done
Event: 14.216 Executing VM operation: RevokeBias
Event: 14.216 Executing VM operation: RevokeBias done
Event: 45.901 Loaded shared library /home/mo/.sdkman/candidates/java/11.0.9-amzn/lib/server/libjvm.so


Dynamic libraries:
765c00000-76f800000 rw-p 00000000 00:00 0 
76f800000-800000000 ---p 00000000 00:00 0 
800000000-800480000 rw-p 00000000 00:00 0 
800480000-840000000 ---p 00000000 00:00 0 
556691800000-556691801000 r-xp 00000000 08:02 2629785                    /home/mo/.sdkman/candidates/java/11.0.9-amzn/bin/java
556691a01000-556691a02000 r--p 00001000 08:02 2629785                    /home/mo/.sdkman/candidates/java/11.0.9-amzn/bin/java
556691a02000-556691a03000 rw-p 00002000 08:02 2629785                    /home/mo/.sdkman/candidates/java/11.0.9-amzn/bin/java
556691b26000-556691b69000 rw-p 00000000 00:00 0                          [heap]
7f50a4000000-7f50a4021000 rw-p 00000000 00:00 0 
7f50a4021000-7f50a8000000 ---p 00000000 00:00 0 
7f50a8000000-7f50a8021000 rw-p 00000000 00:00 0 
7f50a8021000-7f50ac000000 ---p 00000000 00:00 0 
7f50ac000000-7f50ac021000 rw-p 00000000 00:00 0 
7f50ac021000-7f50b0000000 ---p 00000000 00:00 0 
7f50b0000000-7f50b0021000 rw-p 00000000 00:00 0 
7f50b0021000-7f50b4000000 ---p 00000000 00:00 0 
7f50b4000000-7f50b4367000 rw-p 00000000 00:00 0 
7f50b4367000-7f50b8000000 ---p 00000000 00:00 0 
7f50b8000000-7f50b8021000 rw-p 00000000 00:00 0 
7f50b8021000-7f50bc000000 ---p 00000000 00:00 0 
7f50bc000000-7f50bc021000 rw-p 00000000 00:00 0 
7f50bc021000-7f50c0000000 ---p 00000000 00:00 0 
7f50c0000000-7f50c0021000 rw-p 00000000 00:00 0 
7f50c0021000-7f50c4000000 ---p 00000000 00:00 0 
7f50c4000000-7f50c553f000 rw-p 00000000 00:00 0 
7f50c553f000-7f50c8000000 ---p 00000000 00:00 0 
7f50c8000000-7f50c8021000 rw-p 00000000 00:00 0 
7f50c8021000-7f50cc000000 ---p 00000000 00:00 0 
7f50cd551000-7f50cd555000 ---p 00000000 00:00 0 
7f50cd555000-7f50cd652000 rw-p 00000000 00:00 0 
7f50cd652000-7f50cd656000 ---p 00000000 00:00 0 
7f50cd656000-7f50cd753000 rw-p 00000000 00:00 0 
7f50cd753000-7f50cd755000 r-xp 00000000 08:02 2631211                    /home/mo/.sdkman/candidates/java/11.0.9-amzn/lib/libextnet.so
7f50cd755000-7f50cd954000 ---p 00002000 08:02 2631211                    /home/mo/.sdkman/candidates/java/11.0.9-amzn/lib/libextnet.so
7f50cd954000-7f50cd955000 r--p 00001000 08:02 2631211                    /home/mo/.sdkman/candidates/java/11.0.9-amzn/lib/libextnet.so
7f50cd955000-7f50cdb56000 rw-p 00000000 00:00 0 
7f50cdbc0000-7f50cdd40000 rw-p 00000000 00:00 0 
7f50cdd40000-7f50cddc0000 ---p 00000000 00:00 0 
7f50cddc0000-7f50cddc4000 ---p 00000000 00:00 0 
7f50cddc4000-7f50cdec1000 rw-p 00000000 00:00 0 
7f50cdec1000-7f50cdec5000 ---p 00000000 00:00 0 
7f50cdec5000-7f50ce1c2000 rw-p 00000000 00:00 0 
7f50ce1c2000-7f50ce3c2000 rw-p 00000000 00:00 0 
7f50ce3c2000-7f50ce5c2000 rw-p 00000000 00:00 0 
7f50ce5c2000-7f50ce7c2000 rw-p 00000000 00:00 0 
7f50ce7c2000-7f50ce7c3000 ---p 00000000 00:00 0 
7f50ce7c3000-7f50ceab0000 rw-p 00000000 00:00 0 
7f50ceab0000-7f50ceac4000 ---p 00000000 00:00 0 
7f50ceac4000-7f50cecc4000 rw-p 00000000 00:00 0 
7f50cecc4000-7f50cecc8000 ---p 00000000 00:00 0 
7f50cecc8000-7f50cedc5000 rw-p 00000000 00:00 0 
7f50cedc5000-7f50cedcb000 r-xp 00000000 08:02 2632951                    /home/mo/.sdkman/candidates/java/11.0.9-amzn/lib/libmanagement_ext.so
7f50cedcb000-7f50cefca000 ---p 00006000 08:02 2632951                    /home/mo/.sdkman/candidates/java/11.0.9-amzn/lib/libmanagement_ext.so
7f50cefca000-7f50cefcb000 r--p 00005000 08:02 2632951                    /home/mo/.sdkman/candidates/java/11.0.9-amzn/lib/libmanagement_ext.so
7f50cefcb000-7f50cefcc000 rw-p 00000000 00:00 0 
7f50cefcc000-7f50cefd0000 r-xp 00000000 08:02 2631189                    /home/mo/.sdkman/candidates/java/11.0.9-amzn/lib/libmanagement.so
7f50cefd0000-7f50cf1d0000 ---p 00004000 08:02 2631189                    /home/mo/.sdkman/candidates/java/11.0.9-amzn/lib/libmanagement.so
7f50cf1d0000-7f50cf1d1000 r--p 00004000 08:02 2631189                    /home/mo/.sdkman/candidates/java/11.0.9-amzn/lib/libmanagement.so
7f50cf1d1000-7f50cf3d2000 rw-p 00000000 00:00 0 
7f50cf3d2000-7f50cf5d2000 rw-p 00000000 00:00 0 
7f50cf5d2000-7f50cf7d2000 rw-p 00000000 00:00 0 
7f50cf7d2000-7f50cf7d3000 ---p 00000000 00:00 0 
7f50cf7d3000-7f50cf8d4000 rw-p 00000000 00:00 0 
7f50cf8d4000-7f50cf8d5000 ---p 00000000 00:00 0 
7f50cf8d5000-7f50cfbd6000 rw-p 00000000 00:00 0 
7f50cfbd6000-7f50cfbec000 r-xp 00000000 08:02 2632972                    /home/mo/.sdkman/candidates/java/11.0.9-amzn/lib/libnet.so
7f50cfbec000-7f50cfdec000 ---p 00016000 08:02 2632972                    /home/mo/.sdkman/candidates/java/11.0.9-amzn/lib/libnet.so
7f50cfdec000-7f50cfded000 r--p 00016000 08:02 2632972                    /home/mo/.sdkman/candidates/java/11.0.9-amzn/lib/libnet.so
7f50cfded000-7f50cfdee000 rw-p 00017000 08:02 2632972                    /home/mo/.sdkman/candidates/java/11.0.9-amzn/lib/libnet.so
7f50cfdee000-7f50cfdfe000 r-xp 00000000 08:02 2631187                    /home/mo/.sdkman/candidates/java/11.0.9-amzn/lib/libnio.so
7f50cfdfe000-7f50cfffe000 ---p 00010000 08:02 2631187                    /home/mo/.sdkman/candidates/java/11.0.9-amzn/lib/libnio.so
7f50cfffe000-7f50cffff000 r--p 00010000 08:02 2631187                    /home/mo/.sdkman/candidates/java/11.0.9-amzn/lib/libnio.so
7f50cffff000-7f50d0000000 rw-p 00011000 08:02 2631187                    /home/mo/.sdkman/candidates/java/11.0.9-amzn/lib/libnio.so
7f50d0000000-7f50d0021000 rw-p 00000000 00:00 0 
7f50d0021000-7f50d4000000 ---p 00000000 00:00 0 
7f50d4000000-7f50d4021000 rw-p 00000000 00:00 0 
7f50d4021000-7f50d8000000 ---p 00000000 00:00 0 
7f50d8000000-7f50d88d5000 rw-p 00000000 00:00 0 
7f50d88d5000-7f50dc000000 ---p 00000000 00:00 0 
7f50dc000000-7f50dc021000 rw-p 00000000 00:00 0 
7f50dc021000-7f50e0000000 ---p 00000000 00:00 0 
7f50e0000000-7f50e0021000 rw-p 00000000 00:00 0 
7f50e0021000-7f50e4000000 ---p 00000000 00:00 0 
7f50e4000000-7f50e5861000 rw-p 00000000 00:00 0 
7f50e5861000-7f50e8000000 ---p 00000000 00:00 0 
7f50e8000000-7f50e8021000 rw-p 00000000 00:00 0 
7f50e8021000-7f50ec000000 ---p 00000000 00:00 0 
7f50ec000000-7f50ec021000 rw-p 00000000 00:00 0 
7f50ec021000-7f50f0000000 ---p 00000000 00:00 0 
7f50f0000000-7f50f0021000 rw-p 00000000 00:00 0 
7f50f0021000-7f50f4000000 ---p 00000000 00:00 0 
7f50f4000000-7f50f4021000 rw-p 00000000 00:00 0 
7f50f4021000-7f50f8000000 ---p 00000000 00:00 0 
7f50f8000000-7f50f8021000 rw-p 00000000 00:00 0 
7f50f8021000-7f50fc000000 ---p 00000000 00:00 0 
7f50fc000000-7f50fc021000 rw-p 00000000 00:00 0 
7f50fc021000-7f5100000000 ---p 00000000 00:00 0 
7f5100000000-7f5100021000 rw-p 00000000 00:00 0 
7f5100021000-7f5104000000 ---p 00000000 00:00 0 
7f5104068000-7f510406c000 ---p 00000000 00:00 0 
7f510406c000-7f5104169000 rw-p 00000000 00:00 0 
7f5104169000-7f510416d000 ---p 00000000 00:00 0 
7f510416d000-7f510426a000 rw-p 00000000 00:00 0 
7f510426a000-7f510426b000 ---p 00000000 00:00 0 
7f510426b000-7f510436c000 rw-p 00000000 00:00 0 
7f510436c000-7f5104370000 ---p 00000000 00:00 0 
7f5104370000-7f510446d000 rw-p 00000000 00:00 0 
7f510446d000-7f5104ae0000 r--p 00000000 08:02 6292266                    /usr/lib/locale/locale-archive
7f5104ae0000-7f5107550000 rw-p 00000000 00:00 0 
7f5107550000-7f5109970000 ---p 00000000 00:00 0 
7f5109970000-7f5109be0000 rw-p 00000000 00:00 0 
7f5109be0000-7f510c000000 ---p 00000000 00:00 0 
7f510c000000-7f510c021000 rw-p 00000000 00:00 0 
7f510c021000-7f5110000000 ---p 00000000 00:00 0 
7f511000e000-7f5110012000 ---p 00000000 00:00 0 
7f5110012000-7f511010f000 rw-p 00000000 00:00 0 
7f511010f000-7f5110113000 ---p 00000000 00:00 0 
7f5110113000-7f5110210000 rw-p 00000000 00:00 0 
7f5110210000-7f5110214000 ---p 00000000 00:00 0 
7f5110214000-7f5110311000 rw-p 00000000 00:00 0 
7f5110311000-7f5110315000 ---p 00000000 00:00 0 
7f5110315000-7f5110412000 rw-p 00000000 00:00 0 
7f5110412000-7f5110416000 ---p 00000000 00:00 0 
7f5110416000-7f5110513000 rw-p 00000000 00:00 0 
7f5110513000-7f5110517000 ---p 00000000 00:00 0 
7f5110517000-7f5110614000 rw-p 00000000 00:00 0 
7f5110614000-7f5110615000 ---p 00000000 00:00 0 
7f5110615000-7f5110797000 rw-p 00000000 00:00 0 
7f5110797000-7f5110798000 ---p 00000000 00:00 0 
7f5110798000-7f5110899000 rw-p 00000000 00:00 0 
7f5110899000-7f5110b09000 rwxp 00000000 00:00 0 
7f5110b09000-7f5110e29000 ---p 00000000 00:00 0 
7f5110e29000-7f5111509000 rwxp 00000000 00:00 0 
7f5111509000-7f5118361000 ---p 00000000 00:00 0 
7f5118361000-7f51185d1000 rwxp 00000000 00:00 0 
7f51185d1000-7f511f899000 ---p 00000000 00:00 0 
7f511f899000-7f5128000000 r--s 00000000 08:02 2632961                    /home/mo/.sdkman/candidates/java/11.0.9-amzn/lib/modules
7f5128000000-7f51295c0000 rw-p 00000000 00:00 0 
7f51295c0000-7f512c000000 ---p 00000000 00:00 0 
7f512c00d000-7f512c00f000 r--p 00000000 08:02 6296595                    /usr/lib/x86_64-linux-gnu/libnss_dns-2.31.so
7f512c00f000-7f512c013000 r-xp 00002000 08:02 6296595                    /usr/lib/x86_64-linux-gnu/libnss_dns-2.31.so
7f512c013000-7f512c014000 r--p 00006000 08:02 6296595                    /usr/lib/x86_64-linux-gnu/libnss_dns-2.31.so
7f512c014000-7f512c015000 r--p 00006000 08:02 6296595                    /usr/lib/x86_64-linux-gnu/libnss_dns-2.31.so
7f512c015000-7f512c016000 rw-p 00007000 08:02 6296595                    /usr/lib/x86_64-linux-gnu/libnss_dns-2.31.so
7f512c016000-7f512c01a000 r--p 00000000 08:02 6296821                    /usr/lib/x86_64-linux-gnu/libresolv-2.31.so
7f512c01a000-7f512c02a000 r-xp 00004000 08:02 6296821                    /usr/lib/x86_64-linux-gnu/libresolv-2.31.so
7f512c02a000-7f512c02d000 r--p 00014000 08:02 6296821                    /usr/lib/x86_64-linux-gnu/libresolv-2.31.so
7f512c02d000-7f512c02e000 ---p 00017000 08:02 6296821                    /usr/lib/x86_64-linux-gnu/libresolv-2.31.so
7f512c02e000-7f512c02f000 r--p 00017000 08:02 6296821                    /usr/lib/x86_64-linux-gnu/libresolv-2.31.so
7f512c02f000-7f512c030000 rw-p 00018000 08:02 6296821                    /usr/lib/x86_64-linux-gnu/libresolv-2.31.so
7f512c030000-7f512c032000 rw-p 00000000 00:00 0 
7f512c043000-7f512c09e000 rw-p 00000000 00:00 0 
7f512c09e000-7f512c09f000 ---p 00000000 00:00 0 
7f512c09f000-7f512c5a4000 rw-p 00000000 00:00 0 
7f512c5a4000-7f512c5a5000 ---p 00000000 00:00 0 
7f512c5a5000-7f512c6a6000 rw-p 00000000 00:00 0 
7f512c6a6000-7f512c6a7000 ---p 00000000 00:00 0 
7f512c6a7000-7f512c848000 rw-p 00000000 00:00 0 
7f512c848000-7f512cccc000 ---p 00000000 00:00 0 
7f512cccc000-7f512cd1a000 rw-p 00000000 00:00 0 
7f512cd1a000-7f512d19e000 ---p 00000000 00:00 0 
7f512d19e000-7f512d1ec000 rw-p 00000000 00:00 0 
7f512d1ec000-7f512d670000 ---p 00000000 00:00 0 
7f512d670000-7f512da74000 rw-p 00000000 00:00 0 
7f512da74000-7f512da75000 ---p 00000000 00:00 0 
7f512da75000-7f512db7b000 rw-p 00000000 00:00 0 
7f512db7b000-7f512dc61000 ---p 00000000 00:00 0 
7f512dc61000-7f512dc6f000 rw-p 00000000 00:00 0 
7f512dc6f000-7f512dd4c000 ---p 00000000 00:00 0 
7f512dd4c000-7f512dd66000 r-xp 00000000 08:02 2631152                    /home/mo/.sdkman/candidates/java/11.0.9-amzn/lib/libzip.so
7f512dd66000-7f512df65000 ---p 0001a000 08:02 2631152                    /home/mo/.sdkman/candidates/java/11.0.9-amzn/lib/libzip.so
7f512df65000-7f512df66000 r--p 00019000 08:02 2631152                    /home/mo/.sdkman/candidates/java/11.0.9-amzn/lib/libzip.so
7f512df66000-7f512df67000 rw-p 00000000 00:00 0 
7f512df67000-7f512df6a000 r--p 00000000 08:02 6296604                    /usr/lib/x86_64-linux-gnu/libnss_files-2.31.so
7f512df6a000-7f512df71000 r-xp 00003000 08:02 6296604                    /usr/lib/x86_64-linux-gnu/libnss_files-2.31.so
7f512df71000-7f512df73000 r--p 0000a000 08:02 6296604                    /usr/lib/x86_64-linux-gnu/libnss_files-2.31.so
7f512df73000-7f512df74000 r--p 0000b000 08:02 6296604                    /usr/lib/x86_64-linux-gnu/libnss_files-2.31.so
7f512df74000-7f512df75000 rw-p 0000c000 08:02 6296604                    /usr/lib/x86_64-linux-gnu/libnss_files-2.31.so
7f512df75000-7f512df7b000 rw-p 00000000 00:00 0 
7f512df80000-7f512df85000 rw-p 00000000 00:00 0 
7f512df85000-7f512df8c000 ---p 00000000 00:00 0 
7f512df8c000-7f512dfa7000 r-xp 00000000 08:02 2632960                    /home/mo/.sdkman/candidates/java/11.0.9-amzn/lib/libjimage.so
7f512dfa7000-7f512e1a7000 ---p 0001b000 08:02 2632960                    /home/mo/.sdkman/candidates/java/11.0.9-amzn/lib/libjimage.so
7f512e1a7000-7f512e1a9000 r--p 0001b000 08:02 2632960                    /home/mo/.sdkman/candidates/java/11.0.9-amzn/lib/libjimage.so
7f512e1a9000-7f512e1aa000 rw-p 0001d000 08:02 2632960                    /home/mo/.sdkman/candidates/java/11.0.9-amzn/lib/libjimage.so
7f512e1aa000-7f512e1d4000 r-xp 00000000 08:02 2632979                    /home/mo/.sdkman/candidates/java/11.0.9-amzn/lib/libjava.so
7f512e1d4000-7f512e3d3000 ---p 0002a000 08:02 2632979                    /home/mo/.sdkman/candidates/java/11.0.9-amzn/lib/libjava.so
7f512e3d3000-7f512e3d4000 r--p 00029000 08:02 2632979                    /home/mo/.sdkman/candidates/java/11.0.9-amzn/lib/libjava.so
7f512e3d4000-7f512e3d5000 rw-p 0002a000 08:02 2632979                    /home/mo/.sdkman/candidates/java/11.0.9-amzn/lib/libjava.so
7f512e3d5000-7f512e3d6000 rw-p 00000000 00:00 0 
7f512e3d6000-7f512e3e7000 r-xp 00000000 08:02 2632950                    /home/mo/.sdkman/candidates/java/11.0.9-amzn/lib/libverify.so
7f512e3e7000-7f512e5e6000 ---p 00011000 08:02 2632950                    /home/mo/.sdkman/candidates/java/11.0.9-amzn/lib/libverify.so
7f512e5e6000-7f512e5e8000 r--p 00010000 08:02 2632950                    /home/mo/.sdkman/candidates/java/11.0.9-amzn/lib/libverify.so
7f512e5e8000-7f512e5e9000 rw-p 00000000 00:00 0 
7f512e5e9000-7f512e5ec000 r--p 00000000 08:02 6296866                    /usr/lib/x86_64-linux-gnu/librt-2.31.so
7f512e5ec000-7f512e5f0000 r-xp 00003000 08:02 6296866                    /usr/lib/x86_64-linux-gnu/librt-2.31.so
7f512e5f0000-7f512e5f1000 r--p 00007000 08:02 6296866                    /usr/lib/x86_64-linux-gnu/librt-2.31.so
7f512e5f1000-7f512e5f2000 ---p 00008000 08:02 6296866                    /usr/lib/x86_64-linux-gnu/librt-2.31.so
7f512e5f2000-7f512e5f3000 r--p 00008000 08:02 6296866                    /usr/lib/x86_64-linux-gnu/librt-2.31.so
7f512e5f3000-7f512e5f4000 rw-p 00009000 08:02 6296866                    /usr/lib/x86_64-linux-gnu/librt-2.31.so
7f512e5f4000-7f512e5f8000 ---p 00000000 00:00 0 
7f512e5f8000-7f512e6f5000 rw-p 00000000 00:00 0 
7f512e6f5000-7f512e704000 r--p 00000000 08:02 6296542                    /usr/lib/x86_64-linux-gnu/libm-2.31.so
7f512e704000-7f512e7ab000 r-xp 0000f000 08:02 6296542                    /usr/lib/x86_64-linux-gnu/libm-2.31.so
7f512e7ab000-7f512e842000 r--p 000b6000 08:02 6296542                    /usr/lib/x86_64-linux-gnu/libm-2.31.so
7f512e842000-7f512e843000 r--p 0014c000 08:02 6296542                    /usr/lib/x86_64-linux-gnu/libm-2.31.so
7f512e843000-7f512e844000 rw-p 0014d000 08:02 6296542                    /usr/lib/x86_64-linux-gnu/libm-2.31.so
7f512e844000-7f512fa97000 r-xp 00000000 08:02 2631207                    /home/mo/.sdkman/candidates/java/11.0.9-amzn/lib/server/libjvm.so
7f512fa97000-7f512fc97000 ---p 01253000 08:02 2631207                    /home/mo/.sdkman/candidates/java/11.0.9-amzn/lib/server/libjvm.so
7f512fc97000-7f512fd59000 r--p 01253000 08:02 2631207                    /home/mo/.sdkman/candidates/java/11.0.9-amzn/lib/server/libjvm.so
7f512fd59000-7f512fd94000 rw-p 01315000 08:02 2631207                    /home/mo/.sdkman/candidates/java/11.0.9-amzn/lib/server/libjvm.so
7f512fd94000-7f512fded000 rw-p 00000000 00:00 0 
7f512fded000-7f512fe12000 r--p 00000000 08:02 6295856                    /usr/lib/x86_64-linux-gnu/libc-2.31.so
7f512fe12000-7f512ff8a000 r-xp 00025000 08:02 6295856                    /usr/lib/x86_64-linux-gnu/libc-2.31.so
7f512ff8a000-7f512ffd4000 r--p 0019d000 08:02 6295856                    /usr/lib/x86_64-linux-gnu/libc-2.31.so
7f512ffd4000-7f512ffd5000 ---p 001e7000 08:02 6295856                    /usr/lib/x86_64-linux-gnu/libc-2.31.so
7f512ffd5000-7f512ffd8000 r--p 001e7000 08:02 6295856                    /usr/lib/x86_64-linux-gnu/libc-2.31.so
7f512ffd8000-7f512ffdb000 rw-p 001ea000 08:02 6295856                    /usr/lib/x86_64-linux-gnu/libc-2.31.so
7f512ffdb000-7f512ffdf000 rw-p 00000000 00:00 0 
7f512ffdf000-7f512ffe0000 r--p 00000000 08:02 6296540                    /usr/lib/x86_64-linux-gnu/libdl-2.31.so
7f512ffe0000-7f512ffe2000 r-xp 00001000 08:02 6296540                    /usr/lib/x86_64-linux-gnu/libdl-2.31.so
7f512ffe2000-7f512ffe3000 r--p 00003000 08:02 6296540                    /usr/lib/x86_64-linux-gnu/libdl-2.31.so
7f512ffe3000-7f512ffe4000 r--p 00003000 08:02 6296540                    /usr/lib/x86_64-linux-gnu/libdl-2.31.so
7f512ffe4000-7f512ffe5000 rw-p 00004000 08:02 6296540                    /usr/lib/x86_64-linux-gnu/libdl-2.31.so
7f512ffe5000-7f512ffff000 r-xp 00000000 08:02 2632957                    /home/mo/.sdkman/candidates/java/11.0.9-amzn/lib/jli/libjli.so
7f512ffff000-7f51301fe000 ---p 0001a000 08:02 2632957                    /home/mo/.sdkman/candidates/java/11.0.9-amzn/lib/jli/libjli.so
7f51301fe000-7f51301ff000 r--p 00019000 08:02 2632957                    /home/mo/.sdkman/candidates/java/11.0.9-amzn/lib/jli/libjli.so
7f51301ff000-7f5130200000 rw-p 0001a000 08:02 2632957                    /home/mo/.sdkman/candidates/java/11.0.9-amzn/lib/jli/libjli.so
7f5130200000-7f5130207000 r--p 00000000 08:02 6296731                    /usr/lib/x86_64-linux-gnu/libpthread-2.31.so
7f5130207000-7f5130218000 r-xp 00007000 08:02 6296731                    /usr/lib/x86_64-linux-gnu/libpthread-2.31.so
7f5130218000-7f513021d000 r--p 00018000 08:02 6296731                    /usr/lib/x86_64-linux-gnu/libpthread-2.31.so
7f513021d000-7f513021e000 r--p 0001c000 08:02 6296731                    /usr/lib/x86_64-linux-gnu/libpthread-2.31.so
7f513021e000-7f513021f000 rw-p 0001d000 08:02 6296731                    /usr/lib/x86_64-linux-gnu/libpthread-2.31.so
7f513021f000-7f5130223000 rw-p 00000000 00:00 0 
7f5130224000-7f5130225000 r--p 00000000 08:02 6299224                    /usr/lib/x86_64-linux-gnu/libnss_mdns4_minimal.so.2
7f5130225000-7f5130227000 r-xp 00001000 08:02 6299224                    /usr/lib/x86_64-linux-gnu/libnss_mdns4_minimal.so.2
7f5130227000-7f5130228000 r--p 00003000 08:02 6299224                    /usr/lib/x86_64-linux-gnu/libnss_mdns4_minimal.so.2
7f5130228000-7f5130229000 r--p 00003000 08:02 6299224                    /usr/lib/x86_64-linux-gnu/libnss_mdns4_minimal.so.2
7f5130229000-7f513022a000 rw-p 00004000 08:02 6299224                    /usr/lib/x86_64-linux-gnu/libnss_mdns4_minimal.so.2
7f513022a000-7f5130232000 rw-s 00000000 08:02 8284319                    /tmp/hsperfdata_mo/8245
7f5130232000-7f5130233000 ---p 00000000 00:00 0 
7f5130233000-7f5130234000 r--p 00000000 00:00 0 
7f5130234000-7f5130236000 rw-p 00000000 00:00 0 
7f5130236000-7f5130237000 r--p 00000000 08:02 6295852                    /usr/lib/x86_64-linux-gnu/ld-2.31.so
7f5130237000-7f513025a000 r-xp 00001000 08:02 6295852                    /usr/lib/x86_64-linux-gnu/ld-2.31.so
7f513025a000-7f5130262000 r--p 00024000 08:02 6295852                    /usr/lib/x86_64-linux-gnu/ld-2.31.so
7f5130263000-7f5130264000 r--p 0002c000 08:02 6295852                    /usr/lib/x86_64-linux-gnu/ld-2.31.so
7f5130264000-7f5130265000 rw-p 0002d000 08:02 6295852                    /usr/lib/x86_64-linux-gnu/ld-2.31.so
7f5130265000-7f5130266000 rw-p 00000000 00:00 0 
7ffe3cc9e000-7ffe3ccbf000 rw-p 00000000 00:00 0                          [stack]
7ffe3cd14000-7ffe3cd18000 r--p 00000000 00:00 0                          [vvar]
7ffe3cd18000-7ffe3cd1a000 r-xp 00000000 00:00 0                          [vdso]
ffffffffff600000-ffffffffff601000 --xp 00000000 00:00 0                  [vsyscall]


VM Arguments:
java_command: target/demo-0.0.1-SNAPSHOT.jar
java_class_path (initial): target/demo-0.0.1-SNAPSHOT.jar
Launcher Type: SUN_STANDARD

[Global flags]
     intx CICompilerCount                          = 3                                         {product} {ergonomic}
     uint ConcGCThreads                            = 1                                         {product} {ergonomic}
     uint G1ConcRefinementThreads                  = 4                                         {product} {ergonomic}
   size_t G1HeapRegionSize                         = 1048576                                   {product} {ergonomic}
    uintx GCDrainStackTargetSize                   = 64                                        {product} {ergonomic}
   size_t InitialHeapSize                          = 163577856                                 {product} {ergonomic}
   size_t MarkStackSize                            = 4194304                                   {product} {ergonomic}
   size_t MaxHeapSize                              = 2587885568                                {product} {ergonomic}
   size_t MaxNewSize                               = 1551892480                                {product} {ergonomic}
   size_t MinHeapDeltaBytes                        = 1048576                                   {product} {ergonomic}
    uintx NonNMethodCodeHeapSize                   = 5830732                                {pd product} {ergonomic}
    uintx NonProfiledCodeHeapSize                  = 122913754                              {pd product} {ergonomic}
    uintx ProfiledCodeHeapSize                     = 122913754                              {pd product} {ergonomic}
    uintx ReservedCodeCacheSize                    = 251658240                              {pd product} {ergonomic}
     bool SegmentedCodeCache                       = true                                      {product} {ergonomic}
     bool UseCompressedClassPointers               = true                                 {lp64_product} {ergonomic}
     bool UseCompressedOops                        = true                                 {lp64_product} {ergonomic}
     bool UseG1GC                                  = true                                      {product} {ergonomic}

Logging:
Log output configuration:
 #0: stdout all=warning uptime,level,tags
 #1: stderr all=off uptime,level,tags

Environment Variables:
JAVA_HOME=/home/mo/.sdkman/candidates/java/current
PATH=/home/mo/.sdkman/candidates/maven/current/bin:/home/mo/.sdkman/candidates/java/current/bin:/home/mo/.sdkman/candidates/gradle/current/bin:/home/mo/.cargo/bin:/sbin:/bin:/usr/bin:/usr/local/bin:/snap/bin:/home/mo/.dotnet/tools:/home/mo/.dotnet/tools:/usr/local/go/bin
SHELL=/bin/bash
DISPLAY=:10.0
LANG=en_US.UTF-8

Signal Handlers:
SIGSEGV: [libjvm.so+0xf2bc00], sa_mask[0]=11111111011111111101111111111110, sa_flags=SA_RESTART|SA_SIGINFO
SIGBUS: [libjvm.so+0xf2bc00], sa_mask[0]=11111111011111111101111111111110, sa_flags=SA_RESTART|SA_SIGINFO
SIGFPE: [libjvm.so+0xf2bc00], sa_mask[0]=11111111011111111101111111111110, sa_flags=SA_RESTART|SA_SIGINFO
SIGPIPE: [libjvm.so+0xc4e390], sa_mask[0]=11111111011111111101111111111110, sa_flags=SA_RESTART|SA_SIGINFO
SIGXFSZ: [libjvm.so+0xc4e390], sa_mask[0]=11111111011111111101111111111110, sa_flags=SA_RESTART|SA_SIGINFO
SIGILL: [libjvm.so+0xf2bc00], sa_mask[0]=11111111011111111101111111111110, sa_flags=SA_RESTART|SA_SIGINFO
SIGUSR2: [libjvm.so+0xc4e230], sa_mask[0]=00000000000000000000000000000000, sa_flags=SA_RESTART|SA_SIGINFO
SIGHUP: [libjvm.so+0xc4e590], sa_mask[0]=11111111011111111101111111111110, sa_flags=SA_RESTART|SA_SIGINFO
SIGINT: [libjvm.so+0xc4e590], sa_mask[0]=11111111011111111101111111111110, sa_flags=SA_RESTART|SA_SIGINFO
SIGTERM: [libjvm.so+0xc4e590], sa_mask[0]=11111111011111111101111111111110, sa_flags=SA_RESTART|SA_SIGINFO
SIGQUIT: [libjvm.so+0xc4e590], sa_mask[0]=11111111011111111101111111111110, sa_flags=SA_RESTART|SA_SIGINFO


---------------  S Y S T E M  ---------------

OS:DISTRIB_ID=Ubuntu
DISTRIB_RELEASE=20.04
DISTRIB_CODENAME=focal
DISTRIB_DESCRIPTION="Ubuntu 20.04.2 LTS"
uname:Linux 5.11.0-40-generic #44~20.04.2-Ubuntu SMP Tue Oct 26 18:07:44 UTC 2021 x86_64
OS uptime: 0 days 0:45 hours
libc:glibc 2.31 NPTL 2.31 
rlimit (soft/hard): STACK 8192k/infinity , CORE 0k/infinity , NPROC 39188/39188 , NOFILE 1048576/1048576 , AS infinity/infinity , CPU infinity/infinity , DATA infinity/infinity , FSIZE infinity/infinity , MEMLOCK 65536k/65536k
load average:0.78 1.40 1.15

/proc/meminfo:
MemTotal:       10101860 kB
MemFree:         1629588 kB
MemAvailable:    7654400 kB
Buffers:         1474540 kB
Cached:          2433064 kB
SwapCached:            0 kB
Active:          2442360 kB
Inactive:        3222712 kB
Active(anon):       2308 kB
Inactive(anon):  1872636 kB
Active(file):    2440052 kB
Inactive(file):  1350076 kB
Unevictable:        6036 kB
Mlocked:               0 kB
SwapTotal:       2097148 kB
SwapFree:        2097148 kB
Dirty:             93316 kB
Writeback:             0 kB
AnonPages:       1763588 kB
Mapped:           811480 kB
Shmem:            126740 kB
KReclaimable:    2551532 kB
Slab:            2691684 kB
SReclaimable:    2551532 kB
SUnreclaim:       140152 kB
KernelStack:       15504 kB
PageTables:        29476 kB
NFS_Unstable:          0 kB
Bounce:                0 kB
WritebackTmp:          0 kB
CommitLimit:     7148076 kB
Committed_AS:    8662468 kB
VmallocTotal:   34359738367 kB
VmallocUsed:       38516 kB
VmallocChunk:          0 kB
Percpu:             3936 kB
HardwareCorrupted:     0 kB
AnonHugePages:         0 kB
ShmemHugePages:        0 kB
ShmemPmdMapped:        0 kB
FileHugePages:         0 kB
FilePmdMapped:         0 kB
HugePages_Total:       0
HugePages_Free:        0
HugePages_Rsvd:        0
HugePages_Surp:        0
Hugepagesize:       2048 kB
Hugetlb:               0 kB
DirectMap4k:      318124 kB
DirectMap2M:    10072064 kB

/sys/kernel/mm/transparent_hugepage/enabled:
always [madvise] never
/sys/kernel/mm/transparent_hugepage/defrag (defrag/compaction efforts parameter):
always defer defer+madvise [madvise] never

/proc/sys/kernel/threads-max (system-wide limit on the number of threads):
78376
/proc/sys/vm/max_map_count (maximum number of memory map areas a process may have):
65530
/proc/sys/kernel/pid_max (system-wide limit on number of process identifiers):
4194304

container (cgroup) information:
container_type: cgroupv1
cpu_cpuset_cpus: 0-3
cpu_memory_nodes: 0
active_processor_count: 4
cpu_quota: -1
cpu_period: 100000
cpu_shares: -1
memory_limit_in_bytes: -1
memory_and_swap_limit_in_bytes: -1
memory_soft_limit_in_bytes: -1
memory_usage_in_bytes: 2640146432
memory_max_usage_in_bytes: 2925764608

Steal ticks since vm start: 0
Steal ticks percentage since vm start:  0.000

CPU:total 4 (initial active 4) (2 cores per cpu, 2 threads per core) family 6 model 58 stepping 9, cmov, cx8, fxsr, mmx, sse, sse2, sse3, ssse3, sse4.1, sse4.2, popcnt, avx, aes, clmul, erms, ht, tsc, tscinvbit, tscinv
CPU Model and flags from /proc/cpuinfo:
model name	: Intel(R) Core(TM) i5-3210M CPU @ 2.50GHz
flags		: fpu vme de pse tsc msr pae mce cx8 apic sep mtrr pge mca cmov pat pse36 clflush dts acpi mmx fxsr sse sse2 ss ht tm pbe syscall nx rdtscp lm constant_tsc arch_perfmon pebs bts rep_good nopl xtopology nonstop_tsc cpuid aperfmperf pni pclmulqdq dtes64 monitor ds_cpl vmx est tm2 ssse3 cx16 xtpr pdcm pcid sse4_1 sse4_2 x2apic popcnt tsc_deadline_timer aes xsave avx f16c rdrand lahf_lm cpuid_fault pti ssbd ibrs ibpb stibp tpr_shadow vnmi flexpriority ept vpid fsgsbase smep erms xsaveopt dtherm ida arat pln pts md_clear flush_l1d
Online cpus:
0-3
Offline cpus:

BIOS frequency limitation:
<Not Available>
Frequency switch latency (ns):
20000
Available cpu frequencies:
<Not Available>
Current governor:
ondemand
Core performance/turbo boost:
<Not Available>

Memory: 4k page, physical 10101860k(1620768k free), swap 2097148k(2097148k free)

vm_info: OpenJDK 64-Bit Server VM (11.0.9.1+12-LTS) for linux-amd64 JRE (11.0.9.1+12-LTS), built on Nov  4 2020 01:55:30 by "jenkins" with gcc 7.3.1 20180303 (Red Hat 7.3.1-5)

END.
